<?xml version="1.0" encoding="UTF-8"?>
<!-- Generated by org.testng.reporters.JUnitReportReporter -->
<testsuite skipped="0" hostname="DESKTOP-8GU1FPD" name="ObjecttoJSONDemo" tests="1" failures="0" timestamp="14 Jul 2020 16:16:18 GMT" time="4.044" errors="0">
  <testcase name="test2" time="4.044" classname="ObjecttoJSONDemo"/>
</testsuite> <!-- ObjecttoJSONDemo -->
