<?xml version="1.0" encoding="UTF-8"?>
<!-- Generated by org.testng.reporters.JUnitReportReporter -->
<testsuite skipped="0" hostname="DESKTOP-8GU1FPD" name="CreateJiraCookieAuth" tests="2" failures="0" timestamp="01 Aug 2020 11:57:47 GMT" time="3.306" errors="0">
  <testcase name="generateCookie" time="3.012" classname="CreateJiraCookieAuth"/>
  <testcase name="createtask" time="0.294" classname="CreateJiraCookieAuth"/>
</testsuite> <!-- CreateJiraCookieAuth -->
