<?xml version="1.0" encoding="UTF-8"?>
<!-- Generated by org.testng.reporters.JUnitReportReporter -->
<testsuite skipped="0" hostname="DESKTOP-8GU1FPD" name="DataProviderDemo" tests="3" failures="0" timestamp="13 Jul 2020 08:18:50 GMT" time="0.039" errors="0">
  <testcase name="dpdemo" time="0.008" classname="DataProviderDemo"/>
  <testcase name="dpdemo" time="0.012" classname="DataProviderDemo"/>
  <testcase name="dpdemo" time="0.019" classname="DataProviderDemo"/>
</testsuite> <!-- DataProviderDemo -->
