<?xml version="1.0" encoding="UTF-8"?>
<!-- Generated by org.testng.reporters.JUnitReportReporter -->
<testsuite skipped="0" hostname="DESKTOP-8GU1FPD" name="GenericDTODemo" tests="1" failures="0" timestamp="13 Jul 2020 11:46:32 GMT" time="0.018" errors="0">
  <testcase name="learndto" time="0.018" classname="GenericDTODemo"/>
</testsuite> <!-- GenericDTODemo -->
