<?xml version="1.0" encoding="UTF-8"?>
<!-- Generated by org.testng.reporters.JUnitReportReporter -->
<testsuite skipped="0" hostname="DESKTOP-8GU1FPD" name="OwnerAPIDemo" tests="1" failures="0" timestamp="13 Jul 2020 11:25:38 GMT" time="0.254" errors="0">
  <testcase name="test1" time="0.254" classname="OwnerAPIDemo"/>
</testsuite> <!-- OwnerAPIDemo -->
